C:\USERS\NICHOLAS\GOOGLE DRIVE\LOLA\LOLA\LOLA\DEBUG\LOLA.OBJ
C:\USERS\NICHOLAS\GOOGLE DRIVE\LOLA\LOLA\LOLA\DEBUG\VC110.PDB
C:\USERS\NICHOLAS\GOOGLE DRIVE\LOLA\LOLA\DEBUG\LOLA.ILK
C:\USERS\NICHOLAS\GOOGLE DRIVE\LOLA\LOLA\DEBUG\LOLA.EXE
C:\USERS\NICHOLAS\GOOGLE DRIVE\LOLA\LOLA\DEBUG\LOLA.PDB
C:\Users\Nicholas\Google Drive\lola\lola\lola\Debug\lola.obj
C:\Users\Nicholas\Google Drive\lola\lola\lola\Debug\cl.command.1.tlog
C:\Users\Nicholas\Google Drive\lola\lola\lola\Debug\CL.read.1.tlog
C:\Users\Nicholas\Google Drive\lola\lola\lola\Debug\CL.write.1.tlog
C:\Users\Nicholas\Google Drive\lola\lola\lola\Debug\link-cvtres.read.1.tlog
C:\Users\Nicholas\Google Drive\lola\lola\lola\Debug\link-cvtres.write.1.tlog
C:\Users\Nicholas\Google Drive\lola\lola\lola\Debug\link-rc.read.1.tlog
C:\Users\Nicholas\Google Drive\lola\lola\lola\Debug\link-rc.write.1.tlog
C:\Users\Nicholas\Google Drive\lola\lola\lola\Debug\link.command.1.tlog
C:\Users\Nicholas\Google Drive\lola\lola\lola\Debug\link.read.1.tlog
C:\Users\Nicholas\Google Drive\lola\lola\lola\Debug\link.write.1.tlog
C:\Users\Nicholas\Google Drive\lola\lola\lola\Debug\vc110.idb
C:\Users\Nicholas\Google Drive\lola\lola\lola\Debug\vc110.pdb
C:\Users\Nicholas\Google Drive\lola\lola\Debug\lola.pdb
C:\Users\Nicholas\Google Drive\lola\lola\Debug\lola.exe
C:\Users\Nicholas\Google Drive\lola\lola\Debug\lola.ilk
