D:\LIBRARY\NICK\MY DOCUMENTS\GITHUB\LOLA\LOLA\LOLA\RELEASE\LOLA.OBJ
D:\LIBRARY\NICK\MY DOCUMENTS\GITHUB\LOLA\LOLA\LOLA\RELEASE\VC110.PDB
D:\LIBRARY\NICK\MY DOCUMENTS\GITHUB\LOLA\LOLA\RELEASE\LOLA.EXE
D:\LIBRARY\NICK\MY DOCUMENTS\GITHUB\LOLA\LOLA\RELEASE\LOLA.PDB
C:\Users\Nicholas\Google Drive\lola\lola\lola\Release\lola (1).obj
C:\Users\Nicholas\Google Drive\lola\lola\lola\Release\lola.obj
C:\Users\Nicholas\Google Drive\lola\lola\lola\Release\cl.command.1.tlog
C:\Users\Nicholas\Google Drive\lola\lola\lola\Release\CL.read.1.tlog
C:\Users\Nicholas\Google Drive\lola\lola\lola\Release\CL.write.1.tlog
C:\Users\Nicholas\Google Drive\lola\lola\lola\Release\link-cvtres.read.1.tlog
C:\Users\Nicholas\Google Drive\lola\lola\lola\Release\link-cvtres.write.1.tlog
C:\Users\Nicholas\Google Drive\lola\lola\lola\Release\link-rc.read.1.tlog
C:\Users\Nicholas\Google Drive\lola\lola\lola\Release\link-rc.write.1.tlog
C:\Users\Nicholas\Google Drive\lola\lola\lola\Release\link.command.1.tlog
C:\Users\Nicholas\Google Drive\lola\lola\lola\Release\link.read.1 (1).tlog
C:\Users\Nicholas\Google Drive\lola\lola\lola\Release\link.read.1.tlog
C:\Users\Nicholas\Google Drive\lola\lola\lola\Release\link.write.1.tlog
C:\Users\Nicholas\Google Drive\lola\lola\lola\Release\vc110 (1).pdb
C:\Users\Nicholas\Google Drive\lola\lola\lola\Release\vc110.pdb
C:\Users\Nicholas\Google Drive\lola\lola\Release\lola.pdb
C:\Users\Nicholas\Google Drive\lola\lola\Release\lola.exe
